# JRE version: Java(TM) SE Runtime Environment (7.0_80-b15) (build 1.7.0_80-b15)
# Java VM: Java HotSpot(TM) 64-Bit Server VM (24.80-b11 mixed mode linux-amd64 compressed oops)
Heap
 PSYoungGen      total 358912K, used 38382K [0x00000007d5500000, 0x00000007f4f80000, 0x0000000800000000)
  eden space 320512K, 0% used [0x00000007d5500000,0x00000007d5500000,0x00000007e8e00000)
  from space 38400K, 99% used [0x00000007f2a00000,0x00000007f4f7ba50,0x00000007f4f80000)
  to   space 30720K, 0% used [0x00000007e8e00000,0x00000007e8e00000,0x00000007eac00000)
 ParOldGen       total 91136K, used 82676K [0x0000000780000000, 0x0000000785900000, 0x00000007d5500000)
  object space 91136K, 90% used [0x0000000780000000,0x00000007850bd398,0x0000000785900000)
 PSPermGen       total 83968K, used 60007K [0x000000077ae00000, 0x0000000780000000, 0x0000000780000000)
  object space 83968K, 71% used [0x000000077ae00000,0x000000077e899ee8,0x0000000780000000)
GC Heap History (10 events):
Event: 51,512 GC heap after
Heap after GC invocations=9 (full 0):
 PSYoungGen      total 334336K, used 22500K [0x00000007d5500000, 0x00000007ecb00000, 0x0000000800000000)
  eden space 311808K, 0% used [0x00000007d5500000,0x00000007d5500000,0x00000007e8580000)
  from space 22528K, 99% used [0x00000007e8580000,0x00000007e9b79128,0x00000007e9b80000)
  to   space 31744K, 0% used [0x00000007eac00000,0x00000007eac00000,0x00000007ecb00000)
 ParOldGen       total 51712K, used 44517K [0x0000000780000000, 0x0000000783280000, 0x00000007d5500000)
  object space 51712K, 86% used [0x0000000780000000,0x0000000782b79510,0x0000000783280000)
 PSPermGen       total 47616K, used 47190K [0x000000077ae00000, 0x000000077dc80000, 0x0000000780000000)
  object space 47616K, 99% used [0x000000077ae00000,0x000000077dc15ba8,0x000000077dc80000)
}
Event: 51,512 GC heap before
{Heap before GC invocations=10 (full 1):
 PSYoungGen      total 334336K, used 22500K [0x00000007d5500000, 0x00000007ecb00000, 0x0000000800000000)
  eden space 311808K, 0% used [0x00000007d5500000,0x00000007d5500000,0x00000007e8580000)
  from space 22528K, 99% used [0x00000007e8580000,0x00000007e9b79128,0x00000007e9b80000)
  to   space 31744K, 0% used [0x00000007eac00000,0x00000007eac00000,0x00000007ecb00000)
 ParOldGen       total 51712K, used 44517K [0x0000000780000000, 0x0000000783280000, 0x00000007d5500000)
  object space 51712K, 86% used [0x0000000780000000,0x0000000782b79510,0x0000000783280000)
 PSPermGen       total 47616K, used 47190K [0x000000077ae00000, 0x000000077dc80000, 0x0000000780000000)
  object space 47616K, 99% used [0x000000077ae00000,0x000000077dc15ba8,0x000000077dc80000)
Event: 52,409 GC heap after
Heap after GC invocations=10 (full 1):
 PSYoungGen      total 334336K, used 0K [0x00000007d5500000, 0x00000007ecb00000, 0x0000000800000000)
  eden space 311808K, 0% used [0x00000007d5500000,0x00000007d5500000,0x00000007e8580000)
  from space 22528K, 0% used [0x00000007e8580000,0x00000007e8580000,0x00000007e9b80000)
  to   space 31744K, 0% used [0x00000007eac00000,0x00000007eac00000,0x00000007ecb00000)
 ParOldGen       total 51712K, used 46604K [0x0000000780000000, 0x0000000783280000, 0x00000007d5500000)
  object space 51712K, 90% used [0x0000000780000000,0x0000000782d83080,0x0000000783280000)
 PSPermGen       total 83968K, used 47142K [0x000000077ae00000, 0x0000000780000000, 0x0000000780000000)
  object space 83968K, 56% used [0x000000077ae00000,0x000000077dc09920,0x0000000780000000)
}
Event: 138,496 GC heap before
{Heap before GC invocations=11 (full 2):
 PSYoungGen      total 334336K, used 311808K [0x00000007d5500000, 0x00000007ecb00000, 0x0000000800000000)
  eden space 311808K, 100% used [0x00000007d5500000,0x00000007e8580000,0x00000007e8580000)
  from space 22528K, 0% used [0x00000007e8580000,0x00000007e8580000,0x00000007e9b80000)
  to   space 31744K, 0% used [0x00000007eac00000,0x00000007eac00000,0x00000007ecb00000)
 ParOldGen       total 51712K, used 46604K [0x0000000780000000, 0x0000000783280000, 0x00000007d5500000)
  object space 51712K, 90% used [0x0000000780000000,0x0000000782d83080,0x0000000783280000)
 PSPermGen       total 83968K, used 51281K [0x000000077ae00000, 0x0000000780000000, 0x0000000780000000)
  object space 83968K, 61% used [0x000000077ae00000,0x000000077e0145b8,0x0000000780000000)
Event: 139,230 GC heap after
Heap after GC invocations=11 (full 2):
 PSYoungGen      total 334336K, used 0K [0x00000007d5500000, 0x00000007ecb00000, 0x0000000800000000)
  eden space 311808K, 0% used [0x00000007d5500000,0x00000007d5500000,0x00000007e8580000)
  from space 22528K, 0% used [0x00000007e8580000,0x00000007e8580000,0x00000007e9b80000)
  to   space 31744K, 0% used [0x00000007eac00000,0x00000007eac00000,0x00000007ecb00000)
 ParOldGen       total 91136K, used 50349K [0x0000000780000000, 0x0000000785900000, 0x00000007d5500000)
  object space 91136K, 55% used [0x0000000780000000,0x000000078312b540,0x0000000785900000)
 PSPermGen       total 83968K, used 51222K [0x000000077ae00000, 0x0000000780000000, 0x0000000780000000)
  object space 83968K, 61% used [0x000000077ae00000,0x000000077e005bb0,0x0000000780000000)
}
Event: 153,176 GC heap before
{Heap before GC invocations=12 (full 2):
 PSYoungGen      total 334336K, used 311808K [0x00000007d5500000, 0x00000007ecb00000, 0x0000000800000000)
  eden space 311808K, 100% used [0x00000007d5500000,0x00000007e8580000,0x00000007e8580000)
  from space 22528K, 0% used [0x00000007e8580000,0x00000007e8580000,0x00000007e9b80000)
  to   space 31744K, 0% used [0x00000007eac00000,0x00000007eac00000,0x00000007ecb00000)
 ParOldGen       total 91136K, used 50349K [0x0000000780000000, 0x0000000785900000, 0x00000007d5500000)
  object space 91136K, 55% used [0x0000000780000000,0x000000078312b540,0x0000000785900000)
 PSPermGen       total 83968K, used 57146K [0x000000077ae00000, 0x0000000780000000, 0x0000000780000000)
  object space 83968K, 68% used [0x000000077ae00000,0x000000077e5cea10,0x0000000780000000)
Event: 153,204 GC heap after
Heap after GC invocations=12 (full 2):
 PSYoungGen      total 352256K, used 7269K [0x00000007d5500000, 0x00000007f3a80000, 0x0000000800000000)
  eden space 320512K, 0% used [0x00000007d5500000,0x00000007d5500000,0x00000007e8e00000)
  from space 31744K, 22% used [0x00000007eac00000,0x00000007eb3196b0,0x00000007ecb00000)
  to   space 30720K, 0% used [0x00000007e8e00000,0x00000007e8e00000,0x00000007eac00000)
 ParOldGen       total 91136K, used 50357K [0x0000000780000000, 0x0000000785900000, 0x00000007d5500000)
  object space 91136K, 55% used [0x0000000780000000,0x000000078312d540,0x0000000785900000)
 PSPermGen       total 83968K, used 57146K [0x000000077ae00000, 0x0000000780000000, 0x0000000780000000)
  object space 83968K, 68% used [0x000000077ae00000,0x000000077e5cea10,0x0000000780000000)
}
Event: 166,028 GC heap before
{Heap before GC invocations=13 (full 2):
 PSYoungGen      total 352256K, used 327781K [0x00000007d5500000, 0x00000007f3a80000, 0x0000000800000000)
  eden space 320512K, 100% used [0x00000007d5500000,0x00000007e8e00000,0x00000007e8e00000)
  from space 31744K, 22% used [0x00000007eac00000,0x00000007eb3196b0,0x00000007ecb00000)
  to   space 30720K, 0% used [0x00000007e8e00000,0x00000007e8e00000,0x00000007eac00000)
 ParOldGen       total 91136K, used 50357K [0x0000000780000000, 0x0000000785900000, 0x00000007d5500000)
  object space 91136K, 55% used [0x0000000780000000,0x000000078312d540,0x0000000785900000)
 PSPermGen       total 83968K, used 59883K [0x000000077ae00000, 0x0000000780000000, 0x0000000780000000)
  object space 83968K, 71% used [0x000000077ae00000,0x000000077e87acf8,0x0000000780000000)
Event: 166,133 GC heap after
Heap after GC invocations=13 (full 2):
 PSYoungGen      total 351232K, used 30702K [0x00000007d5500000, 0x00000007f4f80000, 0x0000000800000000)
  eden space 320512K, 0% used [0x00000007d5500000,0x00000007d5500000,0x00000007e8e00000)
  from space 30720K, 99% used [0x00000007e8e00000,0x00000007eabfb8d0,0x00000007eac00000)
  to   space 38400K, 0% used [0x00000007f2a00000,0x00000007f2a00000,0x00000007f4f80000)
 ParOldGen       total 91136K, used 56515K [0x0000000780000000, 0x0000000785900000, 0x00000007d5500000)
  object space 91136K, 62% used [0x0000000780000000,0x0000000783730e90,0x0000000785900000)
 PSPermGen       total 83968K, used 59883K [0x000000077ae00000, 0x0000000780000000, 0x0000000780000000)
  object space 83968K, 71% used [0x000000077ae00000,0x000000077e87acf8,0x0000000780000000)
}
Event: 176,509 GC heap before
{Heap before GC invocations=14 (full 2):
 PSYoungGen      total 351232K, used 351214K [0x00000007d5500000, 0x00000007f4f80000, 0x0000000800000000)
  eden space 320512K, 100% used [0x00000007d5500000,0x00000007e8e00000,0x00000007e8e00000)
  from space 30720K, 99% used [0x00000007e8e00000,0x00000007eabfb8d0,0x00000007eac00000)
  to   space 38400K, 0% used [0x00000007f2a00000,0x00000007f2a00000,0x00000007f4f80000)
 ParOldGen       total 91136K, used 56515K [0x0000000780000000, 0x0000000785900000, 0x00000007d5500000)
  object space 91136K, 62% used [0x0000000780000000,0x0000000783730e90,0x0000000785900000)
 PSPermGen       total 83968K, used 60007K [0x000000077ae00000, 0x0000000780000000, 0x0000000780000000)
  object space 83968K, 71% used [0x000000077ae00000,0x000000077e899ee8,0x0000000780000000)

