# JRE version: Java(TM) SE Runtime Environment (7.0_80-b15) (build 1.7.0_80-b15)
# Java VM: Java HotSpot(TM) 64-Bit Server VM (24.80-b11 mixed mode linux-amd64 compressed oops)
Heap
 PSYoungGen      total 236544K, used 0K [0x00000007d5500000, 0x00000007e6a00000, 0x0000000800000000)
  eden space 194560K, 0% used [0x00000007d5500000,0x00000007d5500000,0x00000007e1300000)
  from space 41984K, 0% used [0x00000007e4100000,0x00000007e4100000,0x00000007e6a00000)
  to   space 44544K, 0% used [0x00000007e1300000,0x00000007e1300000,0x00000007e3e80000)
 ParOldGen       total 206848K, used 157903K [0x0000000780000000, 0x000000078ca00000, 0x00000007d5500000)
  object space 206848K, 76% used [0x0000000780000000,0x0000000789a33ef8,0x000000078ca00000)
 PSPermGen       total 83968K, used 56993K [0x000000077ae00000, 0x0000000780000000, 0x0000000780000000)
  object space 83968K, 67% used [0x000000077ae00000,0x000000077e5a8648,0x0000000780000000)
GC Heap History (10 events):
Event: 102,454 GC heap after
Heap after GC invocations=29 (full 3):
 PSYoungGen      total 167424K, used 7113K [0x00000007d5500000, 0x00000007e3e80000, 0x0000000800000000)
  eden space 141824K, 0% used [0x00000007d5500000,0x00000007d5500000,0x00000007ddf80000)
  from space 25600K, 27% used [0x00000007e0500000,0x00000007e0bf2518,0x00000007e1e00000)
  to   space 38400K, 0% used [0x00000007ddf80000,0x00000007ddf80000,0x00000007e0500000)
 ParOldGen       total 206848K, used 127783K [0x0000000780000000, 0x000000078ca00000, 0x00000007d5500000)
  object space 206848K, 61% used [0x0000000780000000,0x0000000787cc9e00,0x000000078ca00000)
 PSPermGen       total 83968K, used 56893K [0x000000077ae00000, 0x0000000780000000, 0x0000000780000000)
  object space 83968K, 67% used [0x000000077ae00000,0x000000077e58f7f8,0x0000000780000000)
}
Event: 105,605 GC heap before
{Heap before GC invocations=30 (full 3):
 PSYoungGen      total 167424K, used 148937K [0x00000007d5500000, 0x00000007e3e80000, 0x0000000800000000)
  eden space 141824K, 100% used [0x00000007d5500000,0x00000007ddf80000,0x00000007ddf80000)
  from space 25600K, 27% used [0x00000007e0500000,0x00000007e0bf2518,0x00000007e1e00000)
  to   space 38400K, 0% used [0x00000007ddf80000,0x00000007ddf80000,0x00000007e0500000)
 ParOldGen       total 206848K, used 127783K [0x0000000780000000, 0x000000078ca00000, 0x00000007d5500000)
  object space 206848K, 61% used [0x0000000780000000,0x0000000787cc9e00,0x000000078ca00000)
 PSPermGen       total 83968K, used 56913K [0x000000077ae00000, 0x0000000780000000, 0x0000000780000000)
  object space 83968K, 67% used [0x000000077ae00000,0x000000077e5946e8,0x0000000780000000)
Event: 105,797 GC heap after
Heap after GC invocations=30 (full 3):
 PSYoungGen      total 180224K, used 34920K [0x00000007d5500000, 0x00000007e4e00000, 0x0000000800000000)
  eden space 141824K, 0% used [0x00000007d5500000,0x00000007d5500000,0x00000007ddf80000)
  from space 38400K, 90% used [0x00000007ddf80000,0x00000007e019a188,0x00000007e0500000)
  to   space 43520K, 0% used [0x00000007e2380000,0x00000007e2380000,0x00000007e4e00000)
 ParOldGen       total 206848K, used 134414K [0x0000000780000000, 0x000000078ca00000, 0x00000007d5500000)
  object space 206848K, 64% used [0x0000000780000000,0x0000000788343b28,0x000000078ca00000)
 PSPermGen       total 83968K, used 56913K [0x000000077ae00000, 0x0000000780000000, 0x0000000780000000)
  object space 83968K, 67% used [0x000000077ae00000,0x000000077e5946e8,0x0000000780000000)
}
Event: 109,113 GC heap before
{Heap before GC invocations=31 (full 3):
 PSYoungGen      total 180224K, used 176744K [0x00000007d5500000, 0x00000007e4e00000, 0x0000000800000000)
  eden space 141824K, 100% used [0x00000007d5500000,0x00000007ddf80000,0x00000007ddf80000)
  from space 38400K, 90% used [0x00000007ddf80000,0x00000007e019a188,0x00000007e0500000)
  to   space 43520K, 0% used [0x00000007e2380000,0x00000007e2380000,0x00000007e4e00000)
 ParOldGen       total 206848K, used 134414K [0x0000000780000000, 0x000000078ca00000, 0x00000007d5500000)
  object space 206848K, 64% used [0x0000000780000000,0x0000000788343b28,0x000000078ca00000)
 PSPermGen       total 83968K, used 56935K [0x000000077ae00000, 0x0000000780000000, 0x0000000780000000)
  object space 83968K, 67% used [0x000000077ae00000,0x000000077e599d10,0x0000000780000000)
Event: 109,635 GC heap after
Heap after GC invocations=31 (full 3):
 PSYoungGen      total 208384K, used 32449K [0x00000007d5500000, 0x00000007e5600000, 0x0000000800000000)
  eden space 164864K, 0% used [0x00000007d5500000,0x00000007d5500000,0x00000007df600000)
  from space 43520K, 74% used [0x00000007e2380000,0x00000007e4330610,0x00000007e4e00000)
  to   space 46592K, 0% used [0x00000007df600000,0x00000007df600000,0x00000007e2380000)
 ParOldGen       total 206848K, used 157113K [0x0000000780000000, 0x000000078ca00000, 0x00000007d5500000)
  object space 206848K, 75% used [0x0000000780000000,0x000000078996e4c8,0x000000078ca00000)
 PSPermGen       total 83968K, used 56935K [0x000000077ae00000, 0x0000000780000000, 0x0000000780000000)
  object space 83968K, 67% used [0x000000077ae00000,0x000000077e599d10,0x0000000780000000)
}
Event: 113,505 GC heap before
{Heap before GC invocations=32 (full 3):
 PSYoungGen      total 208384K, used 197313K [0x00000007d5500000, 0x00000007e5600000, 0x0000000800000000)
  eden space 164864K, 100% used [0x00000007d5500000,0x00000007df600000,0x00000007df600000)
  from space 43520K, 74% used [0x00000007e2380000,0x00000007e4330610,0x00000007e4e00000)
  to   space 46592K, 0% used [0x00000007df600000,0x00000007df600000,0x00000007e2380000)
 ParOldGen       total 206848K, used 157113K [0x0000000780000000, 0x000000078ca00000, 0x00000007d5500000)
  object space 206848K, 75% used [0x0000000780000000,0x000000078996e4c8,0x000000078ca00000)
 PSPermGen       total 83968K, used 56952K [0x000000077ae00000, 0x0000000780000000, 0x0000000780000000)
  object space 83968K, 67% used [0x000000077ae00000,0x000000077e59e390,0x0000000780000000)
Event: 113,707 GC heap after
Heap after GC invocations=32 (full 3):
 PSYoungGen      total 211456K, used 24018K [0x00000007d5500000, 0x00000007e6d80000, 0x0000000800000000)
  eden space 164864K, 0% used [0x00000007d5500000,0x00000007d5500000,0x00000007df600000)
  from space 46592K, 51% used [0x00000007df600000,0x00000007e0d74af8,0x00000007e2380000)
  to   space 45568K, 0% used [0x00000007e4100000,0x00000007e4100000,0x00000007e6d80000)
 ParOldGen       total 206848K, used 178112K [0x0000000780000000, 0x000000078ca00000, 0x00000007d5500000)
  object space 206848K, 86% used [0x0000000780000000,0x000000078adf0308,0x000000078ca00000)
 PSPermGen       total 83968K, used 56952K [0x000000077ae00000, 0x0000000780000000, 0x0000000780000000)
  object space 83968K, 67% used [0x000000077ae00000,0x000000077e59e390,0x0000000780000000)
}
Event: 119,211 GC heap before
{Heap before GC invocations=33 (full 3):
 PSYoungGen      total 211456K, used 188882K [0x00000007d5500000, 0x00000007e6d80000, 0x0000000800000000)
  eden space 164864K, 100% used [0x00000007d5500000,0x00000007df600000,0x00000007df600000)
  from space 46592K, 51% used [0x00000007df600000,0x00000007e0d74af8,0x00000007e2380000)
  to   space 45568K, 0% used [0x00000007e4100000,0x00000007e4100000,0x00000007e6d80000)
 ParOldGen       total 206848K, used 178112K [0x0000000780000000, 0x000000078ca00000, 0x00000007d5500000)
  object space 206848K, 86% used [0x0000000780000000,0x000000078adf0308,0x000000078ca00000)
 PSPermGen       total 83968K, used 56994K [0x000000077ae00000, 0x0000000780000000, 0x0000000780000000)
  object space 83968K, 67% used [0x000000077ae00000,0x000000077e5a8a48,0x0000000780000000)
Event: 119,429 GC heap after
Heap after GC invocations=33 (full 3):
 PSYoungGen      total 236544K, used 23639K [0x00000007d5500000, 0x00000007e6a00000, 0x0000000800000000)
  eden space 194560K, 0% used [0x00000007d5500000,0x00000007d5500000,0x00000007e1300000)
  from space 41984K, 56% used [0x00000007e4100000,0x00000007e5815fc8,0x00000007e6a00000)
  to   space 44544K, 0% used [0x00000007e1300000,0x00000007e1300000,0x00000007e3e80000)
 ParOldGen       total 206848K, used 197990K [0x0000000780000000, 0x000000078ca00000, 0x00000007d5500000)
  object space 206848K, 95% used [0x0000000780000000,0x000000078c159a28,0x000000078ca00000)
 PSPermGen       total 83968K, used 56994K [0x000000077ae00000, 0x0000000780000000, 0x0000000780000000)
  object space 83968K, 67% used [0x000000077ae00000,0x000000077e5a8a48,0x0000000780000000)
}
Event: 119,429 GC heap before
{Heap before GC invocations=34 (full 4):
 PSYoungGen      total 236544K, used 23639K [0x00000007d5500000, 0x00000007e6a00000, 0x0000000800000000)
  eden space 194560K, 0% used [0x00000007d5500000,0x00000007d5500000,0x00000007e1300000)
  from space 41984K, 56% used [0x00000007e4100000,0x00000007e5815fc8,0x00000007e6a00000)
  to   space 44544K, 0% used [0x00000007e1300000,0x00000007e1300000,0x00000007e3e80000)
 ParOldGen       total 206848K, used 197990K [0x0000000780000000, 0x000000078ca00000, 0x00000007d5500000)
  object space 206848K, 95% used [0x0000000780000000,0x000000078c159a28,0x000000078ca00000)
 PSPermGen       total 83968K, used 56994K [0x000000077ae00000, 0x0000000780000000, 0x0000000780000000)
  object space 83968K, 67% used [0x000000077ae00000,0x000000077e5a8a48,0x0000000780000000)

