# JRE version: Java(TM) SE Runtime Environment (7.0_80-b15) (build 1.7.0_80-b15)
# Java VM: Java HotSpot(TM) 64-Bit Server VM (24.80-b11 mixed mode linux-amd64 compressed oops)
Heap
 PSYoungGen      total 82944K, used 3042K [0x00000000eaa80000, 0x00000000efe80000, 0x0000000100000000)
  eden space 79872K, 0% used [0x00000000eaa80000,0x00000000eaa80000,0x00000000ef880000)
  from space 3072K, 99% used [0x00000000ef880000,0x00000000efb78868,0x00000000efb80000)
  to   space 3072K, 0% used [0x00000000efb80000,0x00000000efb80000,0x00000000efe80000)
 ParOldGen       total 51712K, used 27143K [0x00000000c0000000, 0x00000000c3280000, 0x00000000eaa80000)
  object space 51712K, 52% used [0x00000000c0000000,0x00000000c1a81fc8,0x00000000c3280000)
 PSPermGen       total 21504K, used 5945K [0x00000000bae00000, 0x00000000bc300000, 0x00000000c0000000)
  object space 21504K, 27% used [0x00000000bae00000,0x00000000bb3ce620,0x00000000bc300000)
GC Heap History (9 events):
Event: 1,445 GC heap before
{Heap before GC invocations=1 (full 0):
 PSYoungGen      total 23040K, used 19968K [0x00000000eaa80000, 0x00000000ec400000, 0x0000000100000000)
  eden space 19968K, 100% used [0x00000000eaa80000,0x00000000ebe00000,0x00000000ebe00000)
  from space 3072K, 0% used [0x00000000ec100000,0x00000000ec100000,0x00000000ec400000)
  to   space 3072K, 0% used [0x00000000ebe00000,0x00000000ebe00000,0x00000000ec100000)
 ParOldGen       total 51712K, used 0K [0x00000000c0000000, 0x00000000c3280000, 0x00000000eaa80000)
  object space 51712K, 0% used [0x00000000c0000000,0x00000000c0000000,0x00000000c3280000)
 PSPermGen       total 21504K, used 4854K [0x00000000bae00000, 0x00000000bc300000, 0x00000000c0000000)
  object space 21504K, 22% used [0x00000000bae00000,0x00000000bb2bd938,0x00000000bc300000)
Event: 1,468 GC heap after
Heap after GC invocations=1 (full 0):
 PSYoungGen      total 23040K, used 2145K [0x00000000eaa80000, 0x00000000ed780000, 0x0000000100000000)
  eden space 19968K, 0% used [0x00000000eaa80000,0x00000000eaa80000,0x00000000ebe00000)
  from space 3072K, 69% used [0x00000000ebe00000,0x00000000ec0184c8,0x00000000ec100000)
  to   space 3072K, 0% used [0x00000000ed480000,0x00000000ed480000,0x00000000ed780000)
 ParOldGen       total 51712K, used 0K [0x00000000c0000000, 0x00000000c3280000, 0x00000000eaa80000)
  object space 51712K, 0% used [0x00000000c0000000,0x00000000c0000000,0x00000000c3280000)
 PSPermGen       total 21504K, used 4854K [0x00000000bae00000, 0x00000000bc300000, 0x00000000c0000000)
  object space 21504K, 22% used [0x00000000bae00000,0x00000000bb2bd938,0x00000000bc300000)
}
Event: 4,162 GC heap before
{Heap before GC invocations=2 (full 0):
 PSYoungGen      total 23040K, used 22113K [0x00000000eaa80000, 0x00000000ed780000, 0x0000000100000000)
  eden space 19968K, 100% used [0x00000000eaa80000,0x00000000ebe00000,0x00000000ebe00000)
  from space 3072K, 69% used [0x00000000ebe00000,0x00000000ec0184c8,0x00000000ec100000)
  to   space 3072K, 0% used [0x00000000ed480000,0x00000000ed480000,0x00000000ed780000)
 ParOldGen       total 51712K, used 0K [0x00000000c0000000, 0x00000000c3280000, 0x00000000eaa80000)
  object space 51712K, 0% used [0x00000000c0000000,0x00000000c0000000,0x00000000c3280000)
 PSPermGen       total 21504K, used 5728K [0x00000000bae00000, 0x00000000bc300000, 0x00000000c0000000)
  object space 21504K, 26% used [0x00000000bae00000,0x00000000bb398060,0x00000000bc300000)
Event: 4,196 GC heap after
Heap after GC invocations=2 (full 0):
 PSYoungGen      total 43008K, used 3060K [0x00000000eaa80000, 0x00000000ed780000, 0x0000000100000000)
  eden space 39936K, 0% used [0x00000000eaa80000,0x00000000eaa80000,0x00000000ed180000)
  from space 3072K, 99% used [0x00000000ed480000,0x00000000ed77d008,0x00000000ed780000)
  to   space 3072K, 0% used [0x00000000ed180000,0x00000000ed180000,0x00000000ed480000)
 ParOldGen       total 51712K, used 2205K [0x00000000c0000000, 0x00000000c3280000, 0x00000000eaa80000)
  object space 51712K, 4% used [0x00000000c0000000,0x00000000c0227420,0x00000000c3280000)
 PSPermGen       total 21504K, used 5728K [0x00000000bae00000, 0x00000000bc300000, 0x00000000c0000000)
  object space 21504K, 26% used [0x00000000bae00000,0x00000000bb398060,0x00000000bc300000)
}
Event: 8,107 GC heap before
{Heap before GC invocations=3 (full 0):
 PSYoungGen      total 43008K, used 42996K [0x00000000eaa80000, 0x00000000ed780000, 0x0000000100000000)
  eden space 39936K, 100% used [0x00000000eaa80000,0x00000000ed180000,0x00000000ed180000)
  from space 3072K, 99% used [0x00000000ed480000,0x00000000ed77d008,0x00000000ed780000)
  to   space 3072K, 0% used [0x00000000ed180000,0x00000000ed180000,0x00000000ed480000)
 ParOldGen       total 51712K, used 2205K [0x00000000c0000000, 0x00000000c3280000, 0x00000000eaa80000)
  object space 51712K, 4% used [0x00000000c0000000,0x00000000c0227420,0x00000000c3280000)
 PSPermGen       total 21504K, used 5862K [0x00000000bae00000, 0x00000000bc300000, 0x00000000c0000000)
  object space 21504K, 27% used [0x00000000bae00000,0x00000000bb3b9820,0x00000000bc300000)
Event: 8,215 GC heap after
Heap after GC invocations=3 (full 0):
 PSYoungGen      total 43008K, used 3042K [0x00000000eaa80000, 0x00000000efe80000, 0x0000000100000000)
  eden space 39936K, 0% used [0x00000000eaa80000,0x00000000eaa80000,0x00000000ed180000)
  from space 3072K, 99% used [0x00000000ed180000,0x00000000ed478868,0x00000000ed480000)
  to   space 3072K, 0% used [0x00000000efb80000,0x00000000efb80000,0x00000000efe80000)
 ParOldGen       total 51712K, used 8419K [0x00000000c0000000, 0x00000000c3280000, 0x00000000eaa80000)
  object space 51712K, 16% used [0x00000000c0000000,0x00000000c0838c38,0x00000000c3280000)
 PSPermGen       total 21504K, used 5862K [0x00000000bae00000, 0x00000000bc300000, 0x00000000c0000000)
  object space 21504K, 27% used [0x00000000bae00000,0x00000000bb3b9820,0x00000000bc300000)
}
Event: 11,341 GC heap before
{Heap before GC invocations=4 (full 0):
 PSYoungGen      total 43008K, used 42978K [0x00000000eaa80000, 0x00000000efe80000, 0x0000000100000000)
  eden space 39936K, 100% used [0x00000000eaa80000,0x00000000ed180000,0x00000000ed180000)
  from space 3072K, 99% used [0x00000000ed180000,0x00000000ed478868,0x00000000ed480000)
  to   space 3072K, 0% used [0x00000000efb80000,0x00000000efb80000,0x00000000efe80000)
 ParOldGen       total 51712K, used 8419K [0x00000000c0000000, 0x00000000c3280000, 0x00000000eaa80000)
  object space 51712K, 16% used [0x00000000c0000000,0x00000000c0838c38,0x00000000c3280000)
 PSPermGen       total 21504K, used 5888K [0x00000000bae00000, 0x00000000bc300000, 0x00000000c0000000)
  object space 21504K, 27% used [0x00000000bae00000,0x00000000bb3c03f0,0x00000000bc300000)
Event: 11,399 GC heap after
Heap after GC invocations=4 (full 0):
 PSYoungGen      total 82944K, used 3042K [0x00000000eaa80000, 0x00000000efe80000, 0x0000000100000000)
  eden space 79872K, 0% used [0x00000000eaa80000,0x00000000eaa80000,0x00000000ef880000)
  from space 3072K, 99% used [0x00000000efb80000,0x00000000efe78868,0x00000000efe80000)
  to   space 3072K, 0% used [0x00000000ef880000,0x00000000ef880000,0x00000000efb80000)
 ParOldGen       total 51712K, used 14506K [0x00000000c0000000, 0x00000000c3280000, 0x00000000eaa80000)
  object space 51712K, 28% used [0x00000000c0000000,0x00000000c0e2ab68,0x00000000c3280000)
 PSPermGen       total 21504K, used 5888K [0x00000000bae00000, 0x00000000bc300000, 0x00000000c0000000)
  object space 21504K, 27% used [0x00000000bae00000,0x00000000bb3c03f0,0x00000000bc300000)
}
Event: 15,817 GC heap before
{Heap before GC invocations=5 (full 0):
 PSYoungGen      total 82944K, used 82914K [0x00000000eaa80000, 0x00000000efe80000, 0x0000000100000000)
  eden space 79872K, 100% used [0x00000000eaa80000,0x00000000ef880000,0x00000000ef880000)
  from space 3072K, 99% used [0x00000000efb80000,0x00000000efe78868,0x00000000efe80000)
  to   space 3072K, 0% used [0x00000000ef880000,0x00000000ef880000,0x00000000efb80000)
 ParOldGen       total 51712K, used 14506K [0x00000000c0000000, 0x00000000c3280000, 0x00000000eaa80000)
  object space 51712K, 28% used [0x00000000c0000000,0x00000000c0e2ab68,0x00000000c3280000)
 PSPermGen       total 21504K, used 5945K [0x00000000bae00000, 0x00000000bc300000, 0x00000000c0000000)
  object space 21504K, 27% used [0x00000000bae00000,0x00000000bb3ce620,0x00000000bc300000)

